<?xml version="1.0" encoding="UTF-8"?>
<!-- Generated by org.testng.reporters.JUnitReportReporter -->
<testsuite skipped="0" hostname="user-PC" name="search.TC_0001" tests="1" failures="0" timestamp="15 Mar 2020 14:38:07 GMT" time="253.252" errors="0">
  <testcase name="upload" time="253.252" classname="search.TC_0001"/>
</testsuite> <!-- search.TC_0001 -->
